culturalSH/build/outputs/logs/manifest-merger-release-report.txt
-- Merging decision tree log ---
manifest
ADDED from src\main\AndroidManifest.xml:2:1-758:12
	package
		ADDED from src\main\AndroidManifest.xml:3:11-47
		INJECTED from src\main\AndroidManifest.xml
		INJECTED from src\main\AndroidManifest.xml
	android:versionName
		ADDED from src\main\AndroidManifest.xml:5:11-38
		INJECTED from src\main\AndroidManifest.xml
		INJECTED from src\main\AndroidManifest.xml
	android:versionCode
		ADDED from src\main\AndroidManifest.xml:4:11-35
		INJECTED from src\main\AndroidManifest.xml
		INJECTED from src\main\AndroidManifest.xml
	xmlns:android
		ADDED from src\main\AndroidManifest.xml:2:11-69
uses-sdk
ADDED from src\main\AndroidManifest.xml:7:5-9:40
MERGED from [android_studio_space_svn:sinavideo_playersdk_v20:unspecified] AndroidManifest.xml:7:5-9:41
MERGED from [android_studio_space_svn:sinavideo_playercore_v20:unspecified] AndroidManifest.xml:7:5-9:41
MERGED from [android_studio_space_svn:library:unspecified] AndroidManifest.xml:7:5-9:41
MERGED from [com.mani:thindownloadmanager:1.0.0] AndroidManifest.xml:7:5-9:41
MERGED from [com.alipay.euler:andfix:0.3.1] AndroidManifest.xml:7:5-9:41
MERGED from [com.android.support:support-v4:24.2.1] AndroidManifest.xml:21:5-23:54
MERGED from [com.android.support:support-compat:24.2.1] AndroidManifest.xml:21:5-23:58
MERGED from [com.android.support:support-media-compat:24.2.1] AndroidManifest.xml:21:5-23:63
MERGED from [com.android.support:support-compat:24.2.1] AndroidManifest.xml:21:5-23:58
MERGED from [com.android.support:support-core-utils:24.2.1] AndroidManifest.xml:21:5-23:61
MERGED from [com.android.support:support-compat:24.2.1] AndroidManifest.xml:21:5-23:58
MERGED from [com.android.support:support-core-ui:24.2.1] AndroidManifest.xml:21:5-23:58
MERGED from [com.android.support:support-compat:24.2.1] AndroidManifest.xml:21:5-23:58
MERGED from [com.android.support:support-fragment:24.2.1] AndroidManifest.xml:21:5-23:60
MERGED from [com.android.support:support-compat:24.2.1] AndroidManifest.xml:21:5-23:58
MERGED from [com.android.support:support-media-compat:24.2.1] AndroidManifest.xml:21:5-23:63
MERGED from [com.android.support:support-compat:24.2.1] AndroidManifest.xml:21:5-23:58
MERGED from [com.android.support:support-core-ui:24.2.1] AndroidManifest.xml:21:5-23:58
MERGED from [com.android.support:support-compat:24.2.1] AndroidManifest.xml:21:5-23:58
MERGED from [com.android.support:support-core-utils:24.2.1] AndroidManifest.xml:21:5-23:61
MERGED from [com.android.support:support-compat:24.2.1] AndroidManifest.xml:21:5-23:58
	tools:overrideLibrary
		ADDED from [com.android.support:support-v4:24.2.1] AndroidManifest.xml:23:9-51
	android:targetSdkVersion
		ADDED from src\main\AndroidManifest.xml:9:9-38
		INJECTED from src\main\AndroidManifest.xml
		INJECTED from src\main\AndroidManifest.xml
	android:minSdkVersion
		ADDED from src\main\AndroidManifest.xml:8:9-34
		INJECTED from src\main\AndroidManifest.xml
		INJECTED from src\main\AndroidManifest.xml
permission#com.sun3d.culturalShanghai.permission.JPUSH_MESSAGE
ADDED from src\main\AndroidManifest.xml:10:5-12:46
	android:protectionLevel
		ADDED from src\main\AndroidManifest.xml:12:9-44
	android:name
		ADDED from src\main\AndroidManifest.xml:11:9-75
uses-permission#com.sun3d.culturalShanghai.permission.JPUSH_MESSAGE
ADDED from src\main\AndroidManifest.xml:16:5-90
	android:name
		ADDED from src\main\AndroidManifest.xml:16:22-88
uses-permission#android.permission.CHANGE_WIFI_STATE
ADDED from src\main\AndroidManifest.xml:17:5-75
	android:name
		ADDED from src\main\AndroidManifest.xml:17:22-73
uses-permission#android.permission.INTERNET
ADDED from src\main\AndroidManifest.xml:18:5-66
	android:name
		ADDED from src\main\AndroidManifest.xml:18:22-64
uses-permission#android.permission.WRITE_EXTERNAL_STORAGE
ADDED from src\main\AndroidManifest.xml:19:5-80
	android:name
		ADDED from src\main\AndroidManifest.xml:19:22-78
uses-permission#android.permission.ACCESS_COARSE_LOCATION
ADDED from src\main\AndroidManifest.xml:20:5-80
	android:name
		ADDED from src\main\AndroidManifest.xml:20:22-78
uses-permission#android.permission.ACCESS_NETWORK_STATE
ADDED from src\main\AndroidManifest.xml:21:5-78
	android:name
		ADDED from src\main\AndroidManifest.xml:21:22-76
uses-permission#android.permission.ACCESS_FINE_LOCATION
ADDED from src\main\AndroidManifest.xml:22:5-78
	android:name
		ADDED from src\main\AndroidManifest.xml:22:22-76
uses-permission#android.permission.READ_PHONE_STATE
ADDED from src\main\AndroidManifest.xml:23:5-74
	android:name
		ADDED from src\main\AndroidManifest.xml:23:22-72
uses-permission#android.permission.ACCESS_WIFI_STATE
ADDED from src\main\AndroidManifest.xml:24:5-75
	android:name
		ADDED from src\main\AndroidManifest.xml:24:22-73
uses-permission#android.permission.CHANGE_CONFIGURATION
ADDED from src\main\AndroidManifest.xml:25:5-78
	android:name
		ADDED from src\main\AndroidManifest.xml:25:22-76
uses-permission#android.permission.CALL_PHONE
ADDED from src\main\AndroidManifest.xml:26:5-68
	android:name
		ADDED from src\main\AndroidManifest.xml:26:22-66
uses-permission#android.permission.GET_TASKS
ADDED from src\main\AndroidManifest.xml:27:5-67
	android:name
		ADDED from src\main\AndroidManifest.xml:27:22-65
uses-permission#android.permission.MANAGE_ACCOUNTS
ADDED from src\main\AndroidManifest.xml:28:5-73
	android:name
		ADDED from src\main\AndroidManifest.xml:28:22-71
uses-permission#android.permission.GET_ACCOUNTS
ADDED from src\main\AndroidManifest.xml:29:5-70
	android:name
		ADDED from src\main\AndroidManifest.xml:29:22-68
uses-permission#android.permission.WRITE_SETTINGS
ADDED from src\main\AndroidManifest.xml:30:5-72
	android:name
		ADDED from src\main\AndroidManifest.xml:30:22-70
uses-permission#android.permission.RECEIVE_USER_PRESENT
ADDED from src\main\AndroidManifest.xml:31:5-78
	android:name
		ADDED from src\main\AndroidManifest.xml:31:22-76
uses-permission#android.permission.WAKE_LOCK
ADDED from src\main\AndroidManifest.xml:32:5-67
	android:name
		ADDED from src\main\AndroidManifest.xml:32:22-65
uses-permission#android.permission.READ_EXTERNAL_STORAGE
ADDED from src\main\AndroidManifest.xml:33:5-79
	android:name
		ADDED from src\main\AndroidManifest.xml:33:22-77
uses-permission#android.permission.VIBRATE
ADDED from src\main\AndroidManifest.xml:34:5-65
	android:name
		ADDED from src\main\AndroidManifest.xml:34:22-63
uses-permission#android.permission.MOUNT_UNMOUNT_FILESYSTEMS
ADDED from src\main\AndroidManifest.xml:35:5-83
	android:name
		ADDED from src\main\AndroidManifest.xml:35:22-81
uses-permission#android.permission.SYSTEM_ALERT_WINDOW
ADDED from src\main\AndroidManifest.xml:36:5-77
	android:name
		ADDED from src\main\AndroidManifest.xml:36:22-75
uses-permission#android.permission.ACCESS_LOCATION_EXTRA_COMMANDS
ADDED from src\main\AndroidManifest.xml:38:5-88
	android:name
		ADDED from src\main\AndroidManifest.xml:38:22-86
uses-permission#android.permission.CHANGE_NETWORK_STATE
ADDED from src\main\AndroidManifest.xml:39:5-78
	android:name
		ADDED from src\main\AndroidManifest.xml:39:22-76
application
ADDED from src\main\AndroidManifest.xml:41:5-743:19
MERGED from [android_studio_space_svn:library:unspecified] AndroidManifest.xml:11:5-20
MERGED from [com.alipay.euler:andfix:0.3.1] AndroidManifest.xml:11:5-12:19
MERGED from [com.android.support:support-v4:24.2.1] AndroidManifest.xml:25:5-20
MERGED from [com.android.support:support-compat:24.2.1] AndroidManifest.xml:25:5-20
MERGED from [com.android.support:support-media-compat:24.2.1] AndroidManifest.xml:25:5-20
MERGED from [com.android.support:support-compat:24.2.1] AndroidManifest.xml:25:5-20
MERGED from [com.android.support:support-core-utils:24.2.1] AndroidManifest.xml:25:5-20
MERGED from [com.android.support:support-compat:24.2.1] AndroidManifest.xml:25:5-20
MERGED from [com.android.support:support-core-ui:24.2.1] AndroidManifest.xml:25:5-20
MERGED from [com.android.support:support-compat:24.2.1] AndroidManifest.xml:25:5-20
MERGED from [com.android.support:support-fragment:24.2.1] AndroidManifest.xml:25:5-20
MERGED from [com.android.support:support-compat:24.2.1] AndroidManifest.xml:25:5-20
MERGED from [com.android.support:support-media-compat:24.2.1] AndroidManifest.xml:25:5-20
MERGED from [com.android.support:support-compat:24.2.1] AndroidManifest.xml:25:5-20
MERGED from [com.android.support:support-core-ui:24.2.1] AndroidManifest.xml:25:5-20
MERGED from [com.android.support:support-compat:24.2.1] AndroidManifest.xml:25:5-20
MERGED from [com.android.support:support-core-utils:24.2.1] AndroidManifest.xml:25:5-20
MERGED from [com.android.support:support-compat:24.2.1] AndroidManifest.xml:25:5-20
	android:screenOrientation
		ADDED from src\main\AndroidManifest.xml:47:9-45
	android:label
		ADDED from src\main\AndroidManifest.xml:46:9-41
	android:testOnly
		ADDED from src\main\AndroidManifest.xml:48:9-33
	android:configChanges
		ADDED from src\main\AndroidManifest.xml:44:9-59
	android:allowBackup
		ADDED from src\main\AndroidManifest.xml:43:9-35
	android:icon
		ADDED from src\main\AndroidManifest.xml:45:9-46
	android:theme
		ADDED from src\main\AndroidManifest.xml:49:9-44
	android:name
		ADDED from src\main\AndroidManifest.xml:42:9-64
meta-data#com.amap.api.v2.apikey
ADDED from src\main\AndroidManifest.xml:57:9-59:63
	android:value
		ADDED from src\main\AndroidManifest.xml:59:13-61
	android:name
		ADDED from src\main\AndroidManifest.xml:58:13-50
activity#com.sun3d.culturalShanghai.activity.SplashActivity
ADDED from src\main\AndroidManifest.xml:61:9-69:20
	android:label
		ADDED from src\main\AndroidManifest.xml:63:13-45
	android:name
		ADDED from src\main\AndroidManifest.xml:62:13-78
intent-filter#android.intent.action.MAIN+android.intent.category.LAUNCHER
ADDED from src\main\AndroidManifest.xml:64:13-68:29
action#android.intent.action.MAIN
ADDED from src\main\AndroidManifest.xml:65:17-68
	android:name
		ADDED from src\main\AndroidManifest.xml:65:25-66
category#android.intent.category.LAUNCHER
ADDED from src\main\AndroidManifest.xml:67:17-76
	android:name
		ADDED from src\main\AndroidManifest.xml:67:27-74
service#com.sun3d.culturalShanghai.service.DownloadAPKService
ADDED from src\main\AndroidManifest.xml:90:9-93:19
	android:label
		ADDED from src\main\AndroidManifest.xml:92:13-47
	android:name
		ADDED from src\main\AndroidManifest.xml:91:13-81
service#com.sun3d.culturalShanghai.service.DownloadTextFont
ADDED from src\main\AndroidManifest.xml:94:9-97:24
	android:process
		ADDED from src\main\AndroidManifest.xml:96:13-37
	android:name
		ADDED from src\main\AndroidManifest.xml:95:13-53
activity#com.sun3d.culturalShanghai.wxapi.WXEntryActivity
ADDED from src\main\AndroidManifest.xml:99:9-104:74
	android:screenOrientation
		ADDED from src\main\AndroidManifest.xml:103:13-49
	android:exported
		ADDED from src\main\AndroidManifest.xml:102:13-36
	android:configChanges
		ADDED from src\main\AndroidManifest.xml:101:13-74
	android:theme
		ADDED from src\main\AndroidManifest.xml:104:13-72
	android:name
		ADDED from src\main\AndroidManifest.xml:100:13-76
activity#com.sun3d.culturalShanghai.activity.HomeGearActivity
ADDED from src\main\AndroidManifest.xml:105:9-109:20
	android:screenOrientation
		ADDED from src\main\AndroidManifest.xml:108:13-49
	android:label
		ADDED from src\main\AndroidManifest.xml:107:13-45
	android:name
		ADDED from src\main\AndroidManifest.xml:106:13-80
activity#com.sun3d.culturalShanghai.activity.MoreSpecialActivity
ADDED from src\main\AndroidManifest.xml:110:9-114:20
	android:screenOrientation
		ADDED from src\main\AndroidManifest.xml:113:13-49
	android:label
		ADDED from src\main\AndroidManifest.xml:112:13-45
	android:name
		ADDED from src\main\AndroidManifest.xml:111:13-83
activity#com.sun3d.culturalShanghai.activity.VoteDetailActivity
ADDED from src\main\AndroidManifest.xml:115:9-119:20
	android:screenOrientation
		ADDED from src\main\AndroidManifest.xml:118:13-49
	android:label
		ADDED from src\main\AndroidManifest.xml:117:13-45
	android:name
		ADDED from src\main\AndroidManifest.xml:116:13-82
activity#com.sun3d.culturalShanghai.activity.NewDetailsActivity
ADDED from src\main\AndroidManifest.xml:120:9-124:20
	android:screenOrientation
		ADDED from src\main\AndroidManifest.xml:123:13-49
	android:label
		ADDED from src\main\AndroidManifest.xml:122:13-45
	android:name
		ADDED from src\main\AndroidManifest.xml:121:13-82
activity#com.sun3d.culturalShanghai.activity.PersonalCenterActivity
ADDED from src\main\AndroidManifest.xml:125:9-130:20
	android:screenOrientation
		ADDED from src\main\AndroidManifest.xml:128:13-49
	android:label
		ADDED from src\main\AndroidManifest.xml:127:13-45
	android:theme
		ADDED from src\main\AndroidManifest.xml:129:13-56
	android:name
		ADDED from src\main\AndroidManifest.xml:126:13-86
activity#com.sun3d.culturalShanghai.activity.VenueDetailActivity
ADDED from src\main\AndroidManifest.xml:131:9-136:20
	android:screenOrientation
		ADDED from src\main\AndroidManifest.xml:135:13-49
	android:label
		ADDED from src\main\AndroidManifest.xml:134:13-45
	android:configChanges
		ADDED from src\main\AndroidManifest.xml:133:13-74
	android:name
		ADDED from src\main\AndroidManifest.xml:132:13-83
activity#com.sun3d.culturalShanghai.activity.FirstLoadActivity
ADDED from src\main\AndroidManifest.xml:137:9-141:20
	android:screenOrientation
		ADDED from src\main\AndroidManifest.xml:140:13-49
	android:label
		ADDED from src\main\AndroidManifest.xml:139:13-45
	android:name
		ADDED from src\main\AndroidManifest.xml:138:13-81
activity#com.sun3d.culturalShanghai.activity.SelectThemeActivity
ADDED from src\main\AndroidManifest.xml:142:9-146:20
	android:screenOrientation
		ADDED from src\main\AndroidManifest.xml:145:13-49
	android:label
		ADDED from src\main\AndroidManifest.xml:144:13-45
	android:name
		ADDED from src\main\AndroidManifest.xml:143:13-83
activity#com.sun3d.culturalShanghai.activity.MyLoveActivity
ADDED from src\main\AndroidManifest.xml:147:9-151:20
	android:screenOrientation
		ADDED from src\main\AndroidManifest.xml:150:13-49
	android:label
		ADDED from src\main\AndroidManifest.xml:149:13-45
	android:name
		ADDED from src\main\AndroidManifest.xml:148:13-78
activity#com.sun3d.culturalShanghai.activity.ActivityMap
ADDED from src\main\AndroidManifest.xml:152:9-156:20
	android:screenOrientation
		ADDED from src\main\AndroidManifest.xml:155:13-49
	android:label
		ADDED from src\main\AndroidManifest.xml:154:13-45
	android:name
		ADDED from src\main\AndroidManifest.xml:153:13-75
activity#com.sun3d.culturalShanghai.activity.SearchNearbyActivity
ADDED from src\main\AndroidManifest.xml:157:9-161:20
	android:screenOrientation
		ADDED from src\main\AndroidManifest.xml:160:13-49
	android:label
		ADDED from src\main\AndroidManifest.xml:159:13-45
	android:name
		ADDED from src\main\AndroidManifest.xml:158:13-84
activity#com.sun3d.culturalShanghai.activity.BannerInfoActivity
ADDED from src\main\AndroidManifest.xml:162:9-166:20
	android:screenOrientation
		ADDED from src\main\AndroidManifest.xml:165:13-49
	android:label
		ADDED from src\main\AndroidManifest.xml:164:13-45
	android:name
		ADDED from src\main\AndroidManifest.xml:163:13-82
activity#com.sun3d.culturalShanghai.activity.LookActivity
ADDED from src\main\AndroidManifest.xml:167:9-171:20
	android:screenOrientation
		ADDED from src\main\AndroidManifest.xml:170:13-49
	android:label
		ADDED from src\main\AndroidManifest.xml:169:13-45
	android:name
		ADDED from src\main\AndroidManifest.xml:168:13-76
activity#com.sun3d.culturalShanghai.activity.MainFragmentActivity
ADDED from src\main\AndroidManifest.xml:172:9-179:20
	android:clearTaskOnLaunch
		ADDED from src\main\AndroidManifest.xml:175:13-46
	android:screenOrientation
		ADDED from src\main\AndroidManifest.xml:177:13-49
	android:label
		ADDED from src\main\AndroidManifest.xml:176:13-45
	android:windowSoftInputMode
		ADDED from src\main\AndroidManifest.xml:178:13-52
	android:alwaysRetainTaskState
		ADDED from src\main\AndroidManifest.xml:174:13-49
	android:name
		ADDED from src\main\AndroidManifest.xml:173:13-84
activity#com.sun3d.culturalShanghai.activity.BigMapViewActivity
ADDED from src\main\AndroidManifest.xml:180:9-184:20
	android:screenOrientation
		ADDED from src\main\AndroidManifest.xml:183:13-49
	android:label
		ADDED from src\main\AndroidManifest.xml:182:13-45
	android:name
		ADDED from src\main\AndroidManifest.xml:181:13-82
activity#com.sun3d.culturalShanghai.activity.UserCenterActivity
ADDED from src\main\AndroidManifest.xml:185:9-189:20
	android:screenOrientation
		ADDED from src\main\AndroidManifest.xml:188:13-49
	android:label
		ADDED from src\main\AndroidManifest.xml:187:13-45
	android:name
		ADDED from src\main\AndroidManifest.xml:186:13-82
activity#com.sun3d.culturalShanghai.activity.EventDetailsActivity
ADDED from src\main\AndroidManifest.xml:190:9-195:20
	android:screenOrientation
		ADDED from src\main\AndroidManifest.xml:194:13-49
	android:label
		ADDED from src\main\AndroidManifest.xml:193:13-45
	android:configChanges
		ADDED from src\main\AndroidManifest.xml:192:13-74
	android:name
		ADDED from src\main\AndroidManifest.xml:191:13-84
activity#com.sun3d.culturalShanghai.activity.MyMessageDetailActivity
ADDED from src\main\AndroidManifest.xml:196:9-200:20
	android:screenOrientation
		ADDED from src\main\AndroidManifest.xml:199:13-49
	android:label
		ADDED from src\main\AndroidManifest.xml:198:13-45
	android:name
		ADDED from src\main\AndroidManifest.xml:197:13-87
activity#com.sun3d.culturalShanghai.activity.FeedbackActivity
ADDED from src\main\AndroidManifest.xml:201:9-205:20
	android:screenOrientation
		ADDED from src\main\AndroidManifest.xml:204:13-49
	android:label
		ADDED from src\main\AndroidManifest.xml:203:13-45
	android:name
		ADDED from src\main\AndroidManifest.xml:202:13-80
activity#com.sun3d.culturalShanghai.activity.SettingActivity
ADDED from src\main\AndroidManifest.xml:206:9-210:20
	android:screenOrientation
		ADDED from src\main\AndroidManifest.xml:209:13-49
	android:label
		ADDED from src\main\AndroidManifest.xml:208:13-45
	android:name
		ADDED from src\main\AndroidManifest.xml:207:13-79
activity#com.sun3d.culturalShanghai.activity.RegionChoiceActivity
ADDED from src\main\AndroidManifest.xml:211:9-215:20
	android:screenOrientation
		ADDED from src\main\AndroidManifest.xml:214:13-49
	android:label
		ADDED from src\main\AndroidManifest.xml:213:13-45
	android:name
		ADDED from src\main\AndroidManifest.xml:212:13-84
activity#com.sun3d.culturalShanghai.activity.MyMessageActivity
ADDED from src\main\AndroidManifest.xml:216:9-220:20
	android:screenOrientation
		ADDED from src\main\AndroidManifest.xml:219:13-49
	android:label
		ADDED from src\main\AndroidManifest.xml:218:13-45
	android:name
		ADDED from src\main\AndroidManifest.xml:217:13-81
activity#com.sun3d.culturalShanghai.activity.MyCollectActivity
ADDED from src\main\AndroidManifest.xml:221:9-225:20
	android:screenOrientation
		ADDED from src\main\AndroidManifest.xml:224:13-49
	android:label
		ADDED from src\main\AndroidManifest.xml:223:13-45
	android:name
		ADDED from src\main\AndroidManifest.xml:222:13-81
activity#com.sun3d.culturalShanghai.activity.MyOrderActivity
ADDED from src\main\AndroidManifest.xml:226:9-230:20
	android:screenOrientation
		ADDED from src\main\AndroidManifest.xml:229:13-49
	android:label
		ADDED from src\main\AndroidManifest.xml:228:13-45
	android:name
		ADDED from src\main\AndroidManifest.xml:227:13-79
activity#com.sun3d.culturalShanghai.activity.EventReserveActivity
ADDED from src\main\AndroidManifest.xml:231:9-235:20
	android:screenOrientation
		ADDED from src\main\AndroidManifest.xml:234:13-49
	android:label
		ADDED from src\main\AndroidManifest.xml:233:13-45
	android:name
		ADDED from src\main\AndroidManifest.xml:232:13-84
activity#com.sun3d.culturalShanghai.activity.EventRoomActivity
ADDED from src\main\AndroidManifest.xml:236:9-240:20
	android:screenOrientation
		ADDED from src\main\AndroidManifest.xml:239:13-49
	android:label
		ADDED from src\main\AndroidManifest.xml:238:13-45
	android:name
		ADDED from src\main\AndroidManifest.xml:237:13-81
activity#com.sun3d.culturalShanghai.activity.EventListActivity
ADDED from src\main\AndroidManifest.xml:241:9-246:20
	android:screenOrientation
		ADDED from src\main\AndroidManifest.xml:244:13-49
	android:label
		ADDED from src\main\AndroidManifest.xml:243:13-64
	android:theme
		ADDED from src\main\AndroidManifest.xml:245:13-50
	android:name
		ADDED from src\main\AndroidManifest.xml:242:13-81
activity#com.sun3d.culturalShanghai.activity.UserDialogActivity
ADDED from src\main\AndroidManifest.xml:247:9-252:20
	android:screenOrientation
		ADDED from src\main\AndroidManifest.xml:250:13-49
	android:label
		ADDED from src\main\AndroidManifest.xml:249:13-63
	android:theme
		ADDED from src\main\AndroidManifest.xml:251:13-56
	android:name
		ADDED from src\main\AndroidManifest.xml:248:13-82
activity#com.sun3d.culturalShanghai.activity.MoreCommentActivity
ADDED from src\main\AndroidManifest.xml:253:9-257:20
	android:screenOrientation
		ADDED from src\main\AndroidManifest.xml:256:13-49
	android:label
		ADDED from src\main\AndroidManifest.xml:255:13-64
	android:name
		ADDED from src\main\AndroidManifest.xml:254:13-83
activity#com.sun3d.culturalShanghai.activity.WriteCommentActivity
ADDED from src\main\AndroidManifest.xml:258:9-262:20
	android:screenOrientation
		ADDED from src\main\AndroidManifest.xml:261:13-49
	android:label
		ADDED from src\main\AndroidManifest.xml:260:13-65
	android:name
		ADDED from src\main\AndroidManifest.xml:259:13-84
activity#com.sun3d.culturalShanghai.activity.ExhiBitionActivity
ADDED from src\main\AndroidManifest.xml:263:9-267:20
	android:screenOrientation
		ADDED from src\main\AndroidManifest.xml:266:13-49
	android:label
		ADDED from src\main\AndroidManifest.xml:265:13-63
	android:name
		ADDED from src\main\AndroidManifest.xml:264:13-82
activity#com.sun3d.culturalShanghai.activity.ActivityRoomActivity
ADDED from src\main\AndroidManifest.xml:268:9-272:20
	android:screenOrientation
		ADDED from src\main\AndroidManifest.xml:271:13-49
	android:label
		ADDED from src\main\AndroidManifest.xml:270:13-65
	android:name
		ADDED from src\main\AndroidManifest.xml:269:13-84
activity#com.sun3d.culturalShanghai.activity.ActivityRoomDateilsActivity
ADDED from src\main\AndroidManifest.xml:273:9-277:20
	android:screenOrientation
		ADDED from src\main\AndroidManifest.xml:276:13-49
	android:label
		ADDED from src\main\AndroidManifest.xml:275:13-73
	android:name
		ADDED from src\main\AndroidManifest.xml:274:13-91
activity#com.sun3d.culturalShanghai.dialog.MessageDialog
ADDED from src\main\AndroidManifest.xml:278:9-281:20
	android:screenOrientation
		ADDED from src\main\AndroidManifest.xml:280:13-49
	android:name
		ADDED from src\main\AndroidManifest.xml:279:13-75
activity#com.sun3d.culturalShanghai.activity.CollectionListActivity
ADDED from src\main\AndroidManifest.xml:282:9-286:20
	android:screenOrientation
		ADDED from src\main\AndroidManifest.xml:285:13-49
	android:label
		ADDED from src\main\AndroidManifest.xml:284:13-67
	android:name
		ADDED from src\main\AndroidManifest.xml:283:13-86
activity#com.sun3d.culturalShanghai.activity.CollcetionDetailsActivity
ADDED from src\main\AndroidManifest.xml:287:9-291:20
	android:screenOrientation
		ADDED from src\main\AndroidManifest.xml:290:13-49
	android:label
		ADDED from src\main\AndroidManifest.xml:289:13-70
	android:name
		ADDED from src\main\AndroidManifest.xml:288:13-89
activity#com.sun3d.culturalShanghai.NaviRoute.NaviActivity
ADDED from src\main\AndroidManifest.xml:292:9-296:20
	android:screenOrientation
		ADDED from src\main\AndroidManifest.xml:295:13-49
	android:label
		ADDED from src\main\AndroidManifest.xml:294:13-56
	android:name
		ADDED from src\main\AndroidManifest.xml:293:13-77
activity#com.sun3d.culturalShanghai.activity.VenueListActivity
ADDED from src\main\AndroidManifest.xml:297:9-301:20
	android:screenOrientation
		ADDED from src\main\AndroidManifest.xml:300:13-49
	android:label
		ADDED from src\main\AndroidManifest.xml:299:13-72
	android:name
		ADDED from src\main\AndroidManifest.xml:298:13-81
activity#com.sun3d.culturalShanghai.activity.ExplainTextActivity
ADDED from src\main\AndroidManifest.xml:302:9-306:20
	android:screenOrientation
		ADDED from src\main\AndroidManifest.xml:305:13-49
	android:label
		ADDED from src\main\AndroidManifest.xml:304:13-64
	android:name
		ADDED from src\main\AndroidManifest.xml:303:13-83
activity#com.sun3d.culturalShanghai.activity.ThirdBindActivity
ADDED from src\main\AndroidManifest.xml:307:9-311:20
	android:screenOrientation
		ADDED from src\main\AndroidManifest.xml:310:13-49
	android:label
		ADDED from src\main\AndroidManifest.xml:309:13-64
	android:name
		ADDED from src\main\AndroidManifest.xml:308:13-81
activity#com.sun3d.culturalShanghai.activity.AboutInfoActivity
ADDED from src\main\AndroidManifest.xml:312:9-316:20
	android:screenOrientation
		ADDED from src\main\AndroidManifest.xml:315:13-49
	android:label
		ADDED from src\main\AndroidManifest.xml:314:13-64
	android:name
		ADDED from src\main\AndroidManifest.xml:313:13-81
activity#com.sun3d.culturalShanghai.activity.RelevantWHYInfoActivity
ADDED from src\main\AndroidManifest.xml:317:9-321:20
	android:screenOrientation
		ADDED from src\main\AndroidManifest.xml:320:13-49
	android:label
		ADDED from src\main\AndroidManifest.xml:319:13-64
	android:name
		ADDED from src\main\AndroidManifest.xml:318:13-87
activity#com.sun3d.culturalShanghai.activity.PublishActivity
ADDED from src\main\AndroidManifest.xml:322:9-326:20
	android:screenOrientation
		ADDED from src\main\AndroidManifest.xml:325:13-49
	android:label
		ADDED from src\main\AndroidManifest.xml:324:13-64
	android:name
		ADDED from src\main\AndroidManifest.xml:323:13-79
activity#com.sun3d.culturalShanghai.activity.ImageOriginalActivity
ADDED from src\main\AndroidManifest.xml:327:9-332:20
	android:screenOrientation
		ADDED from src\main\AndroidManifest.xml:330:13-49
	android:label
		ADDED from src\main\AndroidManifest.xml:329:13-66
	android:theme
		ADDED from src\main\AndroidManifest.xml:331:13-72
	android:name
		ADDED from src\main\AndroidManifest.xml:328:13-85
activity#com.sun3d.culturalShanghai.activity.NewOnlinSeatActivity
ADDED from src\main\AndroidManifest.xml:333:9-337:20
	android:screenOrientation
		ADDED from src\main\AndroidManifest.xml:336:13-49
	android:label
		ADDED from src\main\AndroidManifest.xml:335:13-66
	android:name
		ADDED from src\main\AndroidManifest.xml:334:13-84
activity#com.sun3d.culturalShanghai.activity.TestActivity
ADDED from src\main\AndroidManifest.xml:338:9-344:20
	android:name
		ADDED from src\main\AndroidManifest.xml:338:19-82
intent-filter#jpush.testAction+jpush.testCategory
ADDED from src\main\AndroidManifest.xml:339:13-343:29
action#jpush.testAction
ADDED from src\main\AndroidManifest.xml:340:17-58
	android:name
		ADDED from src\main\AndroidManifest.xml:340:25-56
category#jpush.testCategory
ADDED from src\main\AndroidManifest.xml:342:17-62
	android:name
		ADDED from src\main\AndroidManifest.xml:342:27-60
meta-data#UMENG_APPKEY
ADDED from src\main\AndroidManifest.xml:351:9-354:21
	android:value
		ADDED from src\main\AndroidManifest.xml:353:13-53
	android:name
		ADDED from src\main\AndroidManifest.xml:352:13-40
meta-data#UMENG_CHANNEL
ADDED from src\main\AndroidManifest.xml:355:9-357:40
	android:value
		ADDED from src\main\AndroidManifest.xml:357:13-38
	android:name
		ADDED from src\main\AndroidManifest.xml:356:13-41
receiver#cn.jpush.android.service.AlarmReceiver
ADDED from src\main\AndroidManifest.xml:444:9-446:39
	android:exported
		ADDED from src\main\AndroidManifest.xml:446:13-37
	android:name
		ADDED from src\main\AndroidManifest.xml:445:13-66
activity#com.sun3d.culturalShanghai.activity.ScanUsersActivity
ADDED from src\main\AndroidManifest.xml:450:9-454:20
	android:screenOrientation
		ADDED from src\main\AndroidManifest.xml:453:13-49
	android:label
		ADDED from src\main\AndroidManifest.xml:452:13-62
	android:name
		ADDED from src\main\AndroidManifest.xml:451:13-81
activity#com.sun3d.culturalShanghai.activity.NearbyParkingActivity
ADDED from src\main\AndroidManifest.xml:455:9-459:20
	android:screenOrientation
		ADDED from src\main\AndroidManifest.xml:458:13-49
	android:label
		ADDED from src\main\AndroidManifest.xml:457:13-66
	android:name
		ADDED from src\main\AndroidManifest.xml:456:13-85
activity#com.sun3d.culturalShanghai.image.ChooseAlbumActivity
ADDED from src\main\AndroidManifest.xml:460:9-464:20
	android:screenOrientation
		ADDED from src\main\AndroidManifest.xml:463:13-49
	android:label
		ADDED from src\main\AndroidManifest.xml:462:13-64
	android:name
		ADDED from src\main\AndroidManifest.xml:461:13-80
activity#com.sun3d.culturalShanghai.activity.CameraChooseActivity
ADDED from src\main\AndroidManifest.xml:465:9-469:20
	android:screenOrientation
		ADDED from src\main\AndroidManifest.xml:468:13-49
	android:label
		ADDED from src\main\AndroidManifest.xml:467:13-65
	android:name
		ADDED from src\main\AndroidManifest.xml:466:13-84
activity#com.sun3d.culturalShanghai.activity.ActivityDetailActivity
ADDED from src\main\AndroidManifest.xml:470:9-475:20
	android:screenOrientation
		ADDED from src\main\AndroidManifest.xml:474:13-49
	android:label
		ADDED from src\main\AndroidManifest.xml:473:13-67
	android:configChanges
		ADDED from src\main\AndroidManifest.xml:472:13-74
	android:name
		ADDED from src\main\AndroidManifest.xml:471:13-86
activity#com.sun3d.culturalShanghai.activity.ThisWeekActivity
ADDED from src\main\AndroidManifest.xml:476:9-480:20
	android:screenOrientation
		ADDED from src\main\AndroidManifest.xml:479:13-49
	android:label
		ADDED from src\main\AndroidManifest.xml:478:13-61
	android:name
		ADDED from src\main\AndroidManifest.xml:477:13-80
activity#com.sun3d.culturalShanghai.activity.Activity_Login
ADDED from src\main\AndroidManifest.xml:487:9-490:20
	android:screenOrientation
		ADDED from src\main\AndroidManifest.xml:489:13-49
	android:name
		ADDED from src\main\AndroidManifest.xml:488:13-78